

  <***>   HEXPRESS/Hybrid 7.2  -  Mar 25 2018   <***> 

reading file /marketing/home/vikramaditya/pythonTraining/fullChain/Full-Chain-CFD-PyQt5/CFD/Mesh_Gen/mesh.conf

*******************************************************************
.conf file reading

CellFactory: appending ../Input_Files/car.x_t to geometry
CellFactory: appending ../Input_Files/bndbox.x_t to geometry
CellFactory: appending ../Input_Files/refbox.x_t to geometry
CellFactory: mesh file named mesh.hex will be generated
CellFactory: Using binary file version 11
CellFactory: baseH 0.5
CellFactory: Geometry defined by startpoint 80 10 10
Create selections from
*
with options ALLEDGES and SPLIT with angle 40 and prefix edge
CellFactory: local refinement definition car* 3 3
CellFactory: additional local refinement definition refbox* 2 2 1 

 ... Try using HYBRID_MPROC_8 license 
 HYBRID_MPROC_8 license successfully checked out 
Maximum number of cores that will be used: 8


*******************************************************************
Compatibility check:

Compatibility check: no unknown compatibility detected. 


*******************************************************************
Geometry reading

selprefix car_
extention .x_t
selprefix bndbox_
extention .x_t
selprefix refbox_
extention .x_t
CellFactory: Time geometry import: 0.48305 sec
CellFactory:*****************************************************

*******************************************************************
Checks, additional initializations & modifications of geometry

CellFactory:*****************************************************
CellFactory: Clean Geometry step
CellFactory: Box has now center: 50 9.9 10   
CellFactory: and size: 100
  Boxes number after refine(): 9
  Boxes number after refine(): 73
  Boxes number after refine(): 585
  Boxes number after refine(): 1481
  Boxes number after refine(): 2889
  Boxes number after refine(): 4137
  Boxes number after refine(): 4137
CellFactory: This geometry does not contain any degenerated face
CellFactory: Cleaning was done in 0.00218701 sec
CellFactory:*****************************************************
CellFactory: Box has now center: 44 5 5.25   
CellFactory: and size: 32
  Boxes number after refine(): 9
  Boxes number after refine(): 73
  Boxes number after refine(): 585
  Boxes number after refine(): 1481
  Boxes number after refine(): 2441
  Boxes number after refine(): 2441
CellFactory: Marking local group definition 13
All car_car|B2|B2_face_0 car_car|B2|B2_face_1 car_car|B2|B2_face_2 car_car|B2|B2_face_3 car_car|B2|B2_face_4 car_car|B2|B2_face_5 bndbox_bndbox|B2|B2_face_0 bndbox_bndbox|B2|B2_face_1 bndbox_bndbox|B2|B2_face_2 bndbox_bndbox|B2|B2_face_3 bndbox_bndbox|B2|B2_face_4 bndbox_bndbox|B2|B2_face_5 

CellFactory: CREATESELECTIONSBYANGLE: 12 new selections have been created

CellFactory: Selection to be mapped  All
CellFactory: Selection of type  SOL
CellFactory: Selection to be mapped  car_car|B2|B2_face_0
CellFactory: Selection of type  SOL
CellFactory: Selection to be mapped  car_car|B2|B2_face_1
CellFactory: Selection of type  SOL
CellFactory: Selection to be mapped  car_car|B2|B2_face_2
CellFactory: Selection of type  SOL
CellFactory: Selection to be mapped  car_car|B2|B2_face_3
CellFactory: Selection of type  SOL
CellFactory: Selection to be mapped  car_car|B2|B2_face_4
CellFactory: Selection of type  SOL
CellFactory: Selection to be mapped  car_car|B2|B2_face_5
CellFactory: Selection of type  SOL
CellFactory: Selection to be mapped  bndbox_bndbox|B2|B2_face_0
CellFactory: Selection of type  SOL
CellFactory: Selection to be mapped  bndbox_bndbox|B2|B2_face_1
CellFactory: Selection of type  SOL
CellFactory: Selection to be mapped  bndbox_bndbox|B2|B2_face_2
CellFactory: Selection of type  SOL
CellFactory: Selection to be mapped  bndbox_bndbox|B2|B2_face_3
CellFactory: Selection of type  SOL
CellFactory: Selection to be mapped  bndbox_bndbox|B2|B2_face_4
CellFactory: Selection of type  SOL
CellFactory: Selection to be mapped  bndbox_bndbox|B2|B2_face_5
CellFactory: Selection of type  SOL
CellFactory: Selection to be mapped  edge_allEdgeSel0
CellFactory: Selection of type  SOL
CellFactory: Selection to be mapped  edge_allEdgeSel1
CellFactory: Selection of type  SOL
CellFactory: Selection to be mapped  edge_allEdgeSel2
CellFactory: Selection of type  SOL
CellFactory: Selection to be mapped  edge_allEdgeSel3
CellFactory: Selection of type  SOL
CellFactory: Selection to be mapped  edge_allEdgeSel4
CellFactory: Selection of type  SOL
CellFactory: Selection to be mapped  edge_allEdgeSel5
CellFactory: Selection of type  SOL
CellFactory: Selection to be mapped  edge_allEdgeSel6
CellFactory: Selection of type  SOL
CellFactory: Selection to be mapped  edge_allEdgeSel7
CellFactory: Selection of type  SOL
CellFactory: Selection to be mapped  edge_allEdgeSel8
CellFactory: Selection of type  SOL
CellFactory: Selection to be mapped  edge_allEdgeSel9
CellFactory: Selection of type  SOL
CellFactory: Selection to be mapped  edge_allEdgeSel10
CellFactory: Selection of type  SOL
CellFactory: Selection to be mapped  edge_allEdgeSel11
CellFactory: Selection of type  SOL
CellFactory: Time geometry checks: 0.00850892 sec
CellFactory:*****************************************************

*******************************************************************
Octree generation

CellFactory: Box has now center: 50 9.9 10   
CellFactory: and size: 100
CellFactory: size now: 128
CellFactory: with reflevels: 9
  Boxes number after refine(): 9
  Boxes number after refineMissing(): 9
  Boxes number after refine(): 73
  Boxes number after refineMissing(): 73
  Boxes number after refine(): 585
  Boxes number after refineMissing(): 585
  Boxes number after refine(): 4681
  Boxes number after refineMissing(): 4681
  Boxes number after refine(): 11849
  Boxes number after refineMissing(): 11849
  Boxes number after refine(): 27849
  Boxes number after refineMissing(): 27849
  Boxes number after refine(): 64713
  Boxes number after refineMissing(): 64713
  Boxes number after refine(): 197145
  Boxes number after refineMissing(): 197145
  Boxes number after refine(): 822321
  Boxes number after refineMissing(): 822321
CellFactory: Time base refining: 0.278342 sec
CellFactory:*****************************************************
CellFactory: Time local refining: 0.001 sec
CellFactory:*****************************************************
CellFactory: Absolute Refinement Level 23
CellFactory: Marking local definition car*
CellFactory: Marking local definition refbox*
  Boxes number after refine(): 1158145
  Boxes number after closeRefine():1158145
  Boxes number after refineMissing(): 1158145

CellFactory: Absolute Refinement Level 22
CellFactory: Marking local definition car*
CellFactory: Marking local definition refbox*
  Boxes number after refine(): 3228649
  Boxes number after closeRefine():3228649
  Boxes number after refineMissing(): 3228649

CellFactory: Absolute Refinement Level 21
CellFactory: Marking local definition car*
  Boxes number after refine(): 3601497
  Boxes number after closeRefine():3601497
  Boxes number after refineMissing(): 3601497

CellFactory: Absolute Refinement Level 20
CellFactory: Any box is refined: stop refinement
CellFactory:*****************************************************
CellFactory: Time refining: 3.28556 sec

*******************************************************************
Basic smoothed, projected mesh creation

CellFactory: Starting with DualMesh generation ...
CellFactory: BaseNodes Inserted ...
CellFactory: Cells inserted ...
CellFactory: Dual Mesh built ...
CellFactory: Dual Mesh flipped ...
CellFactory: Marking DualMesh nodes
CellFactory: Marking added DualMesh nodes
CellFactory: dualmesh time: 3.01842 sec
CellFactory:*****************************************************
CellFactory: Cells marked as material: 0
CellFactory: Cells marked as boundary: 140277
CellFactory: Cells unmarked          : 3598105
CellFactory: Mark from inner startpoint
CellFactory: Cells marked as material: 2432506
CellFactory: Cells marked as boundary: 140277
CellFactory: Cells unmarked          : 1165599
CellFactory: Cells marked as material: 2432506
CellFactory: Cells marked as boundary: 0
CellFactory: Cells unmarked          : 1305876
CellFactory: Cleaning  0 material -> outer nodes
CellFactory: Cleaning  0 outer -> material nodes
CellFactory: marking time: 1.40602 sec
CellFactory:*****************************************************
CellFactory: start Splitting for  2825367 cells ...
Mark cells for different split configurations
stage 1 done 
stage 2 done
Marking done in 0.447148 sec
CellFactory: splitting ends with 2522983 cells.
CellFactory: pseudosplittime time: 0.723747 sec
CellFactory:*****************************************************
CellFactory: check and correct irr surf struct mesh - begin
CellFactory: Checking for irregular surface structures
CellFactory: Irregular Points found: 0
CellFactory: check and correct irr surf struct mesh - end
CellFactory: Independent Regions found: 1
CellFactory: cell marking time: 0.395754 sec
CellFactory:*****************************************************
CellFactory: serial time: 7.2533 sec
  Boxes number after refine(): 9
  Boxes number after refine(): 73
  Boxes number after refine(): 89
  Boxes number after refine(): 97
  Boxes number after refine(): 113
  Boxes number after refine(): 113
final numBoxes 905
CellFactory: Smoothing Surface
CellFactory: Color mark tree: computing dependent vertices
CellFactory: Number of dependent vertices 0
CellFactory: projecting surface with parameters 0.25
CellFactory: Smoothing Surface
CellFactory: projecting surface with parameters 0.27
CellFactory: Smoothing Surface
CellFactory: projecting surface with parameters 0.29
CellFactory: Smoothing Surface
CellFactory: projecting surface with parameters 0.31
CellFactory: Smoothing Surface
CellFactory: projecting surface with parameters 0.33
CellFactory: Smoothing Surface
CellFactory: Patch CenterMapping bl
CellFactory: PatchCenterMapping finished
CellFactory: Patch CenterMapping done
CellFactory: Changed patches 5
CellFactory: Changed patches 0
CellFactory: Corrected patches 11
CellFactory: Corrected cells 11
CellFactory: Changed patches (cleanIsolatedPartitions): 0
CellFactory: Projection cares about 2118 edges
CellFactory: projecting edges with parameters 0.385
CellFactory: projecting surface with parameters 0.35
CellFactory: Smoothing Surface
CellFactory: Projection cares about 2118 edges
CellFactory: projecting edges with parameters 0.407
CellFactory: projecting surface with parameters 0.37
CellFactory: Smoothing Surface
CellFactory:*****************************************************
CellFactory:*****************************************************
CellFactory: Projection cares about 2118 edges
CellFactory: projecting edges with parameters 0.429
CellFactory: projecting surface with parameters 0.39
CellFactory: Smoothing Surface
CellFactory: Projection cares about 2118 edges
CellFactory: projecting edges with parameters 0.451
CellFactory: projecting surface with parameters 0.41
CellFactory: Smoothing Surface
CellFactory: Projection cares about 2118 edges
CellFactory: projecting edges with parameters 0.473
CellFactory: projecting surface with parameters 0.43
CellFactory: Smoothing Surface
  Boxes number after refine(): 9
  Boxes number after refine(): 73
  Boxes number after refine(): 137
  Boxes number after refine(): 201
  Boxes number after refine(): 297
  Boxes number after refine(): 497
  Boxes number after refine(): 841
  Boxes number after refine(): 841
final numBoxes 6729
CellFactory: Calculating NodeLayer for 2532674 vertices
CellFactory: done
  Num negative jacobian:		219
  Num negative jacobian:		219
CellFactory: Smoothing with Laplace
CellFactory: Color mark tree: computing dependent vertices
CellFactory: Number of dependent vertices 0
  Num negative jacobian:		13
CellFactory: Time mesh creation: 26.2617 sec
CellFactory:*****************************************************
CellFactory: Patch CenterMapping bl
CellFactory: PatchCenterMapping finished
CellFactory: Patch CenterMapping done
CellFactory: Patch VertexMapping GeoAllEdgeSel bl
CellFactory: PatchVertexMappingGeoAllEdgeSel finished
CellFactory: Patch vertexMapping GeoAllEdgeSel done
CellFactory: mapping selection  car_car|B2|B2_face_0
CellFactory: mapping selection  car_car|B2|B2_face_1
CellFactory: mapping selection  car_car|B2|B2_face_2
CellFactory: mapping selection  car_car|B2|B2_face_3
CellFactory: mapping selection  car_car|B2|B2_face_4
CellFactory: mapping selection  car_car|B2|B2_face_5
CellFactory: mapping selection  bndbox_bndbox|B2|B2_face_0
CellFactory: mapping selection  bndbox_bndbox|B2|B2_face_1
CellFactory: mapping selection  bndbox_bndbox|B2|B2_face_2
CellFactory: mapping selection  bndbox_bndbox|B2|B2_face_3
CellFactory: mapping selection  bndbox_bndbox|B2|B2_face_4
CellFactory: mapping selection  bndbox_bndbox|B2|B2_face_5
CellFactory: mapping selection  edge_allEdgeSel0
CellFactory: mapping selection  edge_allEdgeSel1
CellFactory: mapping selection  edge_allEdgeSel2
CellFactory: mapping selection  edge_allEdgeSel3
CellFactory: mapping selection  edge_allEdgeSel4
CellFactory: mapping selection  edge_allEdgeSel5
CellFactory: mapping selection  edge_allEdgeSel6
CellFactory: mapping selection  edge_allEdgeSel7
CellFactory: mapping selection  edge_allEdgeSel8
CellFactory: mapping selection  edge_allEdgeSel9
CellFactory: mapping selection  edge_allEdgeSel10
CellFactory: mapping selection  edge_allEdgeSel11
CellFactory: Time selection wrapping: 1.93992 sec
CellFactory:*****************************************************
Current number of cells: 2523046

*******************************************************************
Mesh with boundary layer

CellFactory: Checking Surface
  Boxes number after refine(): 9
  Boxes number after refine(): 73
  Boxes number after refine(): 137
  Boxes number after refine(): 257
  Boxes number after refine(): 353
  Boxes number after refine(): 569
  Boxes number after refine(): 1097
  Boxes number after refine(): 1097
final numBoxes 8777
CellFactory: Calculating NodeLayer for 2632827 vertices
CellFactory: done
  Num negative jacobian:		12
CellFactory: Smoothing with Laplace
CellFactory: Color mark tree: computing dependent vertices
CellFactory: Number of dependent vertices 0
  Num negative jacobian:		10
  Num negative jacobian:		9
  Num negative jacobian:		0
  Num negative jacobian:		0
